#
# There is insufficient memory for the Java Runtime Environment to continue.
# Native memory allocation (malloc) failed to allocate 117856 bytes for Chunk::new
# Possible reasons:
#   The system is out of physical RAM or swap space
#   In 32 bit mode, the process size limit was hit
# Possible solutions:
#   Reduce memory load on the system
#   Increase physical memory or swap space
#   Check if swap backing store is full
#   Use 64 bit Java on a 64 bit OS
#   Decrease Java heap size (-Xmx/-Xms)
#   Decrease number of Java threads
#   Decrease Java thread stack sizes (-Xss)
#   Set larger code cache with -XX:ReservedCodeCacheSize=
# This output file may be truncated or incomplete.
#
#  Out of Memory Error (allocation.cpp:390), pid=5036, tid=8820
#
# JRE version: Java(TM) SE Runtime Environment (8.0_65-b17) (build 1.8.0_65-b17)
# Java VM: Java HotSpot(TM) 64-Bit Server VM (25.65-b01 mixed mode windows-amd64 compressed oops)
# Failed to write core dump. Minidumps are not enabled by default on client versions of Windows
#

---------------  T H R E A D  ---------------

Current thread (0x0000000056182800):  JavaThread "C2 CompilerThread0" daemon [_thread_in_native, id=8820, stack(0x00000000565f0000,0x00000000566f0000)]

Stack: [0x00000000565f0000,0x00000000566f0000]
[error occurred during error reporting (printing stack bounds), id 0xc0000005]

Native frames: (J=compiled Java code, j=interpreted, Vv=VM code, C=native code)


Current CompileTask:
C2:   1349  643       4       java.util.HashSet::contains (9 bytes)


---------------  P R O C E S S  ---------------

Java Threads: ( => current thread )
  0x000000005640d000 JavaThread "pool-2-thread-4" [_thread_blocked, id=7872, stack(0x0000000057440000,0x0000000057540000)]
  0x000000005646e000 JavaThread "pool-2-thread-3" [_thread_in_vm, id=8924, stack(0x00000000572e0000,0x00000000573e0000)]
  0x000000005640c000 JavaThread "pool-2-thread-2" [_thread_in_Java, id=7216, stack(0x0000000057070000,0x0000000057170000)]
  0x00000000562cd800 JavaThread "pool-3-thread-1" [_thread_blocked, id=8108, stack(0x0000000055e00000,0x0000000055f00000)]
  0x00000000562cc800 JavaThread "pool-2-thread-1" [_thread_in_Java, id=7748, stack(0x0000000056ed0000,0x0000000056fd0000)]
  0x00000000561de000 JavaThread "Service Thread" daemon [_thread_blocked, id=2440, stack(0x0000000056a50000,0x0000000056b50000)]
  0x0000000056188000 JavaThread "C1 CompilerThread2" daemon [_thread_in_native, id=8800, stack(0x0000000056b60000,0x0000000056c60000)]
  0x0000000056186000 JavaThread "C2 CompilerThread1" daemon [_thread_in_native, id=7884, stack(0x0000000056910000,0x0000000056a10000)]
=>0x0000000056182800 JavaThread "C2 CompilerThread0" daemon [_thread_in_native, id=8820, stack(0x00000000565f0000,0x00000000566f0000)]
  0x0000000054c82800 JavaThread "Attach Listener" daemon [_thread_blocked, id=1524, stack(0x0000000056720000,0x0000000056820000)]
  0x0000000054c81000 JavaThread "Signal Dispatcher" daemon [_thread_blocked, id=8016, stack(0x0000000055bc0000,0x0000000055cc0000)]
  0x0000000054c27800 JavaThread "Finalizer" daemon [_thread_blocked, id=7112, stack(0x0000000056080000,0x0000000056180000)]
  0x0000000054c20800 JavaThread "Reference Handler" daemon [_thread_blocked, id=7120, stack(0x0000000055f10000,0x0000000056010000)]
  0x0000000001ebf000 JavaThread "main" [_thread_blocked, id=6884, stack(0x0000000001fb0000,0x00000000020b0000)]

Other Threads:
  0x0000000054c1b000 VMThread [stack: 0x0000000055cf0000,0x0000000055df0000] [id=4016]
  0x0000000056211000 WatcherThread [stack: 0x0000000056db0000,0x0000000056eb0000] [id=4764]

VM state:not at safepoint (normal execution)

VM Mutex/Monitor currently owned by a thread: None

Heap:
 PSYoungGen      total 28160K, used 13827K [0x00000000eab00000, 0x00000000eca00000, 0x0000000100000000)
  eden space 24576K, 56% used [0x00000000eab00000,0x00000000eb880ed0,0x00000000ec300000)
  from space 3584K, 0% used [0x00000000ec680000,0x00000000ec680000,0x00000000eca00000)
  to   space 3584K, 0% used [0x00000000ec300000,0x00000000ec300000,0x00000000ec680000)
 ParOldGen       total 64512K, used 0K [0x00000000c0000000, 0x00000000c3f00000, 0x00000000eab00000)
  object space 64512K, 0% used [0x00000000c0000000,0x00000000c0000000,0x00000000c3f00000)
 Metaspace       used 5491K, capacity 6640K, committed 6784K, reserved 1056768K
  class space    used 583K, capacity 616K, committed 640K, reserved 1048576K

Card table byte_map: [0x0000000011740000,0x0000000011950000] byte_map_base: 0x0000000011140000

Marking Bits: (ParMarkBitMap*) 0x0000000058a3a5b0
 Begin Bits: [0x0000000012090000, 0x0000000013090000)
 End Bits:   [0x0000000013090000, 0x0000000014090000)

Polling page: 0x0000000000210000

CodeCache: size=245760Kb used=2549Kb max_used=2549Kb free=243210Kb
 bounds [0x0000000002380000, 0x0000000002600000, 0x0000000011380000]
 total_blobs=888 nmethods=626 adapters=176
 compilation: enabled

Compilation events (10 events):
Event: 1.343 Thread 0x0000000056188000 nmethod 628 0x00000000025f36d0 code [0x00000000025f3a00, 0x00000000025f52e8]
Event: 1.343 Thread 0x0000000056188000  640       3       com.android.dx.ssa.SsaMethod$2::addToUses (48 bytes)
Event: 1.343 Thread 0x0000000056182800 nmethod 609 0x00000000025f8c10 code [0x00000000025f8d40, 0x00000000025f8e98]
Event: 1.343 Thread 0x0000000056182800  642       4       com.android.dx.ssa.NormalSsaInsn::getOpcode (8 bytes)
Event: 1.343 Thread 0x0000000056182800 nmethod 642 0x0000000002575390 code [0x00000000025754c0, 0x0000000002575538]
Event: 1.343 Thread 0x0000000056182800  643       4       java.util.HashSet::contains (9 bytes)
Event: 1.344 Thread 0x0000000056188000 nmethod 640 0x00000000025f7850 code [0x00000000025f7a40, 0x00000000025f8588]
Event: 1.344 Thread 0x0000000056188000  612       3       com.android.dx.ssa.SCCP::simulateStmt (481 bytes)
Event: 1.346 Thread 0x0000000056188000 nmethod 612 0x00000000025f8f90 code [0x00000000025f92e0, 0x00000000025fb218]
Event: 1.346 Thread 0x0000000056188000  639       3       com.android.dx.ssa.MoveParamCombiner$1::visitNonMoveInsn (213 bytes)

GC Heap History (0 events):
No events

Deoptimization events (2 events):
Event: 0.970 Thread 0x000000005640c000 Uncommon trap: reason=unstable_if action=reinterpret pc=0x0000000002577100 method=com.android.dx.rop.code.RegisterSpec.equals(ILcom/android/dx/rop/type/TypeBearer;Lcom/android/dx/rop/code/LocalItem;)Z @ 16
Event: 1.331 Thread 0x000000005640c000 Uncommon trap: reason=unstable_if action=reinterpret pc=0x00000000025783a0 method=java.util.BitSet.nextSetBit(I)I @ 87

Internal exceptions (2 events):
Event: 0.059 Thread 0x0000000001ebf000 Exception <a 'java/lang/NoSuchMethodError': Method sun.misc.Unsafe.defineClass(Ljava/lang/String;[BII)Ljava/lang/Class; name or signature does not match> (0x00000000eab0d908) thrown at [C:\workspace\8-2-build-windows-amd64-cygwin\jdk8u65\4987\hotspot\src\s»¿EÑ≥JÆ?
Event: 0.059 Thread 0x0000000001ebf000 Exception <a 'java/lang/NoSuchMethodError': Method sun.misc.Unsafe.prefetchRead(Ljava/lang/Object;J)V name or signature does not match> (0x00000000eab0dbf0) thrown at [C:\workspace\8-2-build-windows-amd64-cygwin\jdk8u65\4987\hotspot\src\share\vm\prims\jni.

Events (10 events):
Event: 0.954 loading class com/android/dx/ssa/back/FirstFitLocalCombiningAllocator$Multiset
Event: 0.954 loading class com/android/dx/ssa/back/FirstFitLocalCombiningAllocator$Multiset done
Event: 0.965 loading class com/android/dx/cf/code/BytecodeArray$ConstantParserVisitor
Event: 0.965 loading class com/android/dx/cf/code/BytecodeArray$ConstantParserVisitor done
Event: 0.970 Thread 0x000000005640c000 Uncommon trap: trap_request=0xffffff65 fr.pc=0x0000000002577100
Event: 0.970 Thread 0x000000005640c000 DEOPT PACKING pc=0x0000000002577100 sp=0x000000005716e550
Event: 0.970 Thread 0x000000005640c000 DEOPT UNPACKING pc=0x00000000023c582a sp=0x000000005716e390 mode 2
Event: 1.331 Thread 0x000000005640c000 Uncommon trap: trap_request=0xffffff65 fr.pc=0x00000000025783a0
Event: 1.336 Thread 0x000000005640c000 DEOPT PACKING pc=0x00000000025783a0 sp=0x000000005716ebe0
Event: 1.336 Thread 0x000000005640c000 DEOPT UNPACKING pc=0x00000000023c582a sp=0x000000005716eb78 mode 2


Dynamic libraries:
0x000000013fc40000 - 0x000000013fc77000 	C:\Program Files\Java\jdk1.8.0_65\bin\java.exe
0x00000000776e0000 - 0x000000007788a000 	C:\Windows\SYSTEM32\ntdll.dll
0x00000000774c0000 - 0x00000000775df000 	C:\Windows\system32\kernel32.dll
0x000007fefd4a0000 - 0x000007fefd50a000 	C:\Windows\system32\KERNELBASE.dll
0x000007fefd880000 - 0x000007fefd95b000 	C:\Windows\system32\ADVAPI32.dll
0x000007fefe040000 - 0x000007fefe0df000 	C:\Windows\system32\msvcrt.dll
0x000007fefe7b0000 - 0x000007fefe7cf000 	C:\Windows\SYSTEM32\sechost.dll
0x000007feff770000 - 0x000007feff89d000 	C:\Windows\system32\RPCRT4.dll
0x00000000775e0000 - 0x00000000776da000 	C:\Windows\system32\USER32.dll
0x000007fefdd40000 - 0x000007fefdda7000 	C:\Windows\system32\GDI32.dll
0x000007feff8d0000 - 0x000007feff8de000 	C:\Windows\system32\LPK.dll
0x000007fefd960000 - 0x000007fefda2a000 	C:\Windows\system32\USP10.dll
0x000007fefbaf0000 - 0x000007fefbce4000 	C:\Windows\WinSxS\amd64_microsoft.windows.common-controls_6595b64144ccf1df_6.0.7601.18837_none_fa3b1e3d17594757\COMCTL32.dll
0x000007feff6f0000 - 0x000007feff761000 	C:\Windows\system32\SHLWAPI.dll
0x000007feff8a0000 - 0x000007feff8ce000 	C:\Windows\system32\IMM32.DLL
0x000007feff8e0000 - 0x000007feff9e9000 	C:\Windows\system32\MSCTF.dll
0x0000000058ac0000 - 0x0000000058b92000 	C:\Program Files\Java\jdk1.8.0_65\jre\bin\msvcr100.dll
0x0000000058230000 - 0x0000000058ab9000 	C:\Program Files\Java\jdk1.8.0_65\jre\bin\server\jvm.dll
0x000007fef9d10000 - 0x000007fef9d19000 	C:\Windows\system32\WSOCK32.dll
0x000007fefdcf0000 - 0x000007fefdd3d000 	C:\Windows\system32\WS2_32.dll
0x000007fefda50000 - 0x000007fefda58000 	C:\Windows\system32\NSI.dll
0x000007fefb1a0000 - 0x000007fefb1db000 	C:\Windows\system32\WINMM.dll
0x000007fefcd20000 - 0x000007fefcd2c000 	C:\Windows\system32\VERSION.dll
0x00000000778b0000 - 0x00000000778b7000 	C:\Windows\system32\PSAPI.DLL
0x0000000058c70000 - 0x0000000058c7f000 	C:\Program Files\Java\jdk1.8.0_65\jre\bin\verify.dll
0x0000000058c40000 - 0x0000000058c69000 	C:\Program Files\Java\jdk1.8.0_65\jre\bin\java.dll
0x0000000058c20000 - 0x0000000058c36000 	C:\Program Files\Java\jdk1.8.0_65\jre\bin\zip.dll
0x000007fefe960000 - 0x000007feff6ec000 	C:\Windows\system32\SHELL32.dll
0x000007fefde30000 - 0x000007fefe033000 	C:\Windows\system32\ole32.dll
0x000007fefd460000 - 0x000007fefd46f000 	C:\Windows\system32\profapi.dll

VM Arguments:
jvm_args: -Djava.awt.headless=true -Xmx1024M -Dfile.encoding=windows-1252 -Duser.country=IN -Duser.language=en -Duser.variant 
java_command: com.android.dx.command.Main --dex --force-jumbo --num-threads=4 --multi-dex --output C:\Users\Shashank\AndroidStudioProjects\EnigmaProxy\app\build\intermediates\transforms\dex\debug\folders\1000\10\com.android.support-cardview-v7-25.1.0_be48a3a734192d53da13edc8b948f17fd30120d5 C:\Users\Shashank\AndroidStudioProjects\EnigmaProxy\app\build\intermediates\exploded-aar\com.android.support\cardview-v7\25.1.0\jars\classes.jar
java_class_path (initial): D:\Shashank\AppData\Local\Android\sdk\build-tools\25.0.0\lib\dx.jar
Launcher Type: SUN_STANDARD

Environment Variables:



---------------  S Y S T E M  ---------------

OS: Windows 7 , 64 bit Build 7601 (6.1.7601.23418)

CPU:total 4 (2 cores per cpu, 2 threads per core) family 6 model 37 stepping 5, cmov, cx8, fxsr, mmx, sse, sse2, sse3, ssse3, sse4.1, sse4.2, popcnt, ht, tsc, tscinvbit

Memory: 4k page, physical 6083044k(487928k free), swap 7482204k(4996k free)

vm_info: Java HotSpot(TM) 64-Bit Server VM (25.65-b01) for windows-amd64 JRE (1.8.0_65-b17), built on Oct  6 2015 16:39:20 by "java_re" with MS VC++ 10.0 (VS2010)

time: Sun Dec 18 19:56:11 2016
elapsed time: 1 seconds (0d 0h 0m 1s)

