#
# There is insufficient memory for the Java Runtime Environment to continue.
# Native memory allocation (malloc) failed to allocate 32744 bytes for ChunkPool::allocate
# Possible reasons:
#   The system is out of physical RAM or swap space
#   In 32 bit mode, the process size limit was hit
# Possible solutions:
#   Reduce memory load on the system
#   Increase physical memory or swap space
#   Check if swap backing store is full
#   Use 64 bit Java on a 64 bit OS
#   Decrease Java heap size (-Xmx/-Xms)
#   Decrease number of Java threads
#   Decrease Java thread stack sizes (-Xss)
#   Set larger code cache with -XX:ReservedCodeCacheSize=
# This output file may be truncated or incomplete.
#
#  Out of Memory Error (allocation.cpp:273), pid=3896, tid=6484
#
# JRE version: Java(TM) SE Runtime Environment (8.0_65-b17) (build 1.8.0_65-b17)
# Java VM: Java HotSpot(TM) 64-Bit Server VM (25.65-b01 mixed mode windows-amd64 compressed oops)
# Failed to write core dump. Minidumps are not enabled by default on client versions of Windows
#

---------------  T H R E A D  ---------------

Current thread (0x00000000560ac000):  JavaThread "C1 CompilerThread2" daemon [_thread_in_native, id=6484, stack(0x0000000056bb0000,0x0000000056cb0000)]

Stack: [0x0000000056bb0000,0x0000000056cb0000]
[error occurred during error reporting (printing stack bounds), id 0xc0000005]

Native frames: (J=compiled Java code, j=interpreted, Vv=VM code, C=native code)


Current CompileTask:
C1:   1271  490   !   3       com.android.dx.cf.code.BytecodeArray::parseInstruction (2764 bytes)


---------------  P R O C E S S  ---------------

Java Threads: ( => current thread )
  0x000000005639b000 JavaThread "pool-2-thread-2" [_thread_in_Java, id=7400, stack(0x0000000056a80000,0x0000000056b80000)]
  0x000000005621e000 JavaThread "pool-3-thread-1" [_thread_blocked, id=2480, stack(0x00000000571f0000,0x00000000572f0000)]
  0x0000000056118000 JavaThread "Service Thread" daemon [_thread_blocked, id=6540, stack(0x0000000056e10000,0x0000000056f10000)]
=>0x00000000560ac000 JavaThread "C1 CompilerThread2" daemon [_thread_in_native, id=6484, stack(0x0000000056bb0000,0x0000000056cb0000)]
  0x0000000056096800 JavaThread "C2 CompilerThread1" daemon [_thread_blocked, id=4952, stack(0x0000000056980000,0x0000000056a80000)]
  0x0000000054db7800 JavaThread "C2 CompilerThread0" daemon [_thread_blocked, id=1252, stack(0x0000000056850000,0x0000000056950000)]
  0x0000000054db5000 JavaThread "Attach Listener" daemon [_thread_blocked, id=416, stack(0x0000000056490000,0x0000000056590000)]
  0x0000000054db4000 JavaThread "Signal Dispatcher" daemon [_thread_blocked, id=8892, stack(0x0000000056620000,0x0000000056720000)]
  0x0000000054d5a800 JavaThread "Finalizer" daemon [_thread_blocked, id=6468, stack(0x0000000055f90000,0x0000000056090000)]
  0x0000000054d53800 JavaThread "Reference Handler" daemon [_thread_blocked, id=7780, stack(0x0000000055e70000,0x0000000055f70000)]
  0x0000000001e5f000 JavaThread "main" [_thread_blocked, id=7040, stack(0x0000000002050000,0x0000000002150000)]

Other Threads:
  0x0000000054d4e800 VMThread [stack: 0x0000000055cb0000,0x0000000055db0000] [id=7500]
  0x00000000560d4000 WatcherThread [stack: 0x0000000056f90000,0x0000000057090000] [id=6504]

VM state:not at safepoint (normal execution)

VM Mutex/Monitor currently owned by a thread: None

Heap:
 PSYoungGen      total 28160K, used 10847K [0x00000000eab00000, 0x00000000eca00000, 0x0000000100000000)
  eden space 24576K, 44% used [0x00000000eab00000,0x00000000eb597f30,0x00000000ec300000)
  from space 3584K, 0% used [0x00000000ec680000,0x00000000ec680000,0x00000000eca00000)
  to   space 3584K, 0% used [0x00000000ec300000,0x00000000ec300000,0x00000000ec680000)
 ParOldGen       total 64512K, used 0K [0x00000000c0000000, 0x00000000c3f00000, 0x00000000eab00000)
  object space 64512K, 0% used [0x00000000c0000000,0x00000000c0000000,0x00000000c3f00000)
 Metaspace       used 5329K, capacity 6352K, committed 6528K, reserved 1056768K
  class space    used 578K, capacity 584K, committed 640K, reserved 1048576K

Card table byte_map: [0x00000000117e0000,0x00000000119f0000] byte_map_base: 0x00000000111e0000

Marking Bits: (ParMarkBitMap*) 0x0000000058a3a5b0
 Begin Bits: [0x00000000121c0000, 0x00000000131c0000)
 End Bits:   [0x00000000131c0000, 0x00000000141c0000)

Polling page: 0x0000000000210000

CodeCache: size=245760Kb used=2024Kb max_used=2035Kb free=243735Kb
 bounds [0x0000000002420000, 0x0000000002690000, 0x0000000011420000]
 total_blobs=758 nmethods=491 adapters=181
 compilation: enabled

Compilation events (10 events):
Event: 1.239 Thread 0x0000000056096800 nmethod 492 0x0000000002619410 code [0x0000000002619540, 0x00000000026195d8]
Event: 1.239 Thread 0x00000000560ac000 nmethod 497 0x000000000261ab50 code [0x000000000261ad60, 0x000000000261bbe8]
Event: 1.239 Thread 0x00000000560ac000  490   !   3       com.android.dx.cf.code.BytecodeArray::parseInstruction (2764 bytes)
Event: 1.241 Thread 0x0000000054db7800 nmethod 488 0x00000000026174d0 code [0x0000000002617620, 0x0000000002617858]
Event: 1.244 Thread 0x0000000056096800  512       4       java.util.ArrayList::add (29 bytes)
Event: 1.248 Thread 0x0000000056096800 nmethod 512 0x0000000002616e50 code [0x0000000002616fa0, 0x0000000002617298]
Event: 1.250 Thread 0x0000000054db7800  514       4       java.util.BitSet::nextSetBit (102 bytes)
Event: 1.253 Thread 0x0000000054db7800 nmethod 514 0x000000000261a790 code [0x000000000261a8e0, 0x000000000261aa18]
Event: 1.255 Thread 0x0000000056096800  516       4       java.lang.Math::min (11 bytes)
Event: 1.256 Thread 0x0000000056096800 nmethod 516 0x0000000002613790 code [0x00000000026138c0, 0x0000000002613918]

GC Heap History (0 events):
No events

Deoptimization events (0 events):
No events

Internal exceptions (2 events):
Event: 0.055 Thread 0x0000000001e5f000 Exception <a 'java/lang/NoSuchMethodError': Method sun.misc.Unsafe.defineClass(Ljava/lang/String;[BII)Ljava/lang/Class; name or signature does not match> (0x00000000eab0db18) thrown at [C:\workspace\8-2-build-windows-amd64-cygwin\jdk8u65\4987\hotspot\src\s`ýSšA¬?
Event: 0.055 Thread 0x0000000001e5f000 Exception <a 'java/lang/NoSuchMethodError': Method sun.misc.Unsafe.prefetchRead(Ljava/lang/Object;J)V name or signature does not match> (0x00000000eab0de00) thrown at [C:\workspace\8-2-build-windows-amd64-cygwin\jdk8u65\4987\hotspot\src\share\vm\prims\jni.

Events (10 events):
Event: 0.903 loading class com/android/dx/dex/file/DebugInfoItem done
Event: 0.903 loading class com/android/dx/rop/annotation/AnnotationsList
Event: 0.903 loading class com/android/dx/rop/annotation/AnnotationsList done
Event: 0.904 loading class com/android/dx/dex/file/MethodIdItem
Event: 0.904 loading class com/android/dx/dex/file/MethodIdItem done
Event: 0.933 loading class com/android/dx/rop/cst/CstEnumRef
Event: 0.933 loading class com/android/dx/rop/cst/CstEnumRef done
Event: 0.934 Thread 0x000000005620a000 Thread exited: 0x000000005620a000
Event: 0.969 loading class com/android/dx/ssa/PhiInsn$Operand
Event: 0.969 loading class com/android/dx/ssa/PhiInsn$Operand done


Dynamic libraries:
0x000000013fc40000 - 0x000000013fc77000 	C:\Program Files\Java\jdk1.8.0_65\bin\java.exe
0x00000000776e0000 - 0x000000007788a000 	C:\Windows\SYSTEM32\ntdll.dll
0x00000000774c0000 - 0x00000000775df000 	C:\Windows\system32\kernel32.dll
0x000007fefd4a0000 - 0x000007fefd50a000 	C:\Windows\system32\KERNELBASE.dll
0x000007fefd880000 - 0x000007fefd95b000 	C:\Windows\system32\ADVAPI32.dll
0x000007fefe040000 - 0x000007fefe0df000 	C:\Windows\system32\msvcrt.dll
0x000007fefe7b0000 - 0x000007fefe7cf000 	C:\Windows\SYSTEM32\sechost.dll
0x000007feff770000 - 0x000007feff89d000 	C:\Windows\system32\RPCRT4.dll
0x00000000775e0000 - 0x00000000776da000 	C:\Windows\system32\USER32.dll
0x000007fefdd40000 - 0x000007fefdda7000 	C:\Windows\system32\GDI32.dll
0x000007feff8d0000 - 0x000007feff8de000 	C:\Windows\system32\LPK.dll
0x000007fefd960000 - 0x000007fefda2a000 	C:\Windows\system32\USP10.dll
0x000007fefbaf0000 - 0x000007fefbce4000 	C:\Windows\WinSxS\amd64_microsoft.windows.common-controls_6595b64144ccf1df_6.0.7601.18837_none_fa3b1e3d17594757\COMCTL32.dll
0x000007feff6f0000 - 0x000007feff761000 	C:\Windows\system32\SHLWAPI.dll
0x000007feff8a0000 - 0x000007feff8ce000 	C:\Windows\system32\IMM32.DLL
0x000007feff8e0000 - 0x000007feff9e9000 	C:\Windows\system32\MSCTF.dll
0x0000000058ac0000 - 0x0000000058b92000 	C:\Program Files\Java\jdk1.8.0_65\jre\bin\msvcr100.dll
0x0000000058230000 - 0x0000000058ab9000 	C:\Program Files\Java\jdk1.8.0_65\jre\bin\server\jvm.dll
0x000007fef9d10000 - 0x000007fef9d19000 	C:\Windows\system32\WSOCK32.dll
0x000007fefdcf0000 - 0x000007fefdd3d000 	C:\Windows\system32\WS2_32.dll
0x000007fefda50000 - 0x000007fefda58000 	C:\Windows\system32\NSI.dll
0x000007fefb1a0000 - 0x000007fefb1db000 	C:\Windows\system32\WINMM.dll
0x000007fefcd20000 - 0x000007fefcd2c000 	C:\Windows\system32\VERSION.dll
0x00000000778b0000 - 0x00000000778b7000 	C:\Windows\system32\PSAPI.DLL
0x0000000058c70000 - 0x0000000058c7f000 	C:\Program Files\Java\jdk1.8.0_65\jre\bin\verify.dll
0x0000000058c40000 - 0x0000000058c69000 	C:\Program Files\Java\jdk1.8.0_65\jre\bin\java.dll
0x0000000058c20000 - 0x0000000058c36000 	C:\Program Files\Java\jdk1.8.0_65\jre\bin\zip.dll
0x000007fefe960000 - 0x000007feff6ec000 	C:\Windows\system32\SHELL32.dll
0x000007fefde30000 - 0x000007fefe033000 	C:\Windows\system32\ole32.dll
0x000007fefd460000 - 0x000007fefd46f000 	C:\Windows\system32\profapi.dll

VM Arguments:
jvm_args: -Djava.awt.headless=true -Xmx1024M -Dfile.encoding=windows-1252 -Duser.country=IN -Duser.language=en -Duser.variant 
java_command: com.android.dx.command.Main --dex --force-jumbo --num-threads=4 --multi-dex --output C:\Users\Shashank\AndroidStudioProjects\EnigmaProxy\app\build\intermediates\transforms\dex\debug\folders\1000\10\com.mikhaellopez-circularimageview-3.0.2_f203ced75c4650afe7e3d014376b491e1aa77103 C:\Users\Shashank\AndroidStudioProjects\EnigmaProxy\app\build\intermediates\exploded-aar\com.mikhaellopez\circularimageview\3.0.2\jars\classes.jar
java_class_path (initial): D:\Shashank\AppData\Local\Android\sdk\build-tools\25.0.0\lib\dx.jar
Launcher Type: SUN_STANDARD

Environment Variables:
PATH=C:\Program Files (x86)\PC Connectivity Solution\;C:\ProgramData\Oracle\Java\javapath;C:\Program Files\Common Files\Microsoft Shared\Windows Live;C:\Program Files (x86)\Common Files\Microsoft Shared\Windows Live;C:\Windows\system32;C:\Windows;C:\Windows\System32\Wbem;C:\Windows\System32\WindowsPowerShell\v1.0\;C:\Program Files (x86)\ATI Technologies\ATI.ACE\Core-Static;C:\Program Files\Lenovo\Bluetooth Software\;C:\Program Files\Lenovo\Bluetooth Software\syswow64;C:\Program Files (x86)\Windows Live\Shared;C:\Program Files (x86)\Microsoft SQL Server\100\Tools\Binn\;C:\Program Files\Microsoft SQL Server\100\Tools\Binn\;C:\Program Files\Microsoft SQL Server\100\DTS\Binn\;C:\Program Files (x86)\GtkSharp\2.12\bin;C:\Program Files (x86)\Windows Kits\8.1\Windows Performance Toolkit\;C:\Users\Shashank\.dnx\bin;C:\Program Files\Microsoft DNX\Dnvm\;C:\Program Files\Intel\WiFi\bin\;C:\Program Files\Common Files\Intel\WirelessCommon\;C:\Program Files\Microsoft SQL Server\130\Tools\Binn\;C:\Program Files (x86)\Skype\Phone\;C:\Users\Shashank\AppData\Local\Programs\Python\Python35-32\Scripts\;C:\Users\Shashank\AppData\Local\Programs\Python\Python35-32\;C:\Users\Shashank\AppData\Roaming\npm
USERNAME=Shashank
OS=Windows_NT
PROCESSOR_IDENTIFIER=Intel64 Family 6 Model 37 Stepping 5, GenuineIntel



---------------  S Y S T E M  ---------------

OS: Windows 7 , 64 bit Build 7601 (6.1.7601.23418)

CPU:total 4 (2 cores per cpu, 2 threads per core) family 6 model 37 stepping 5, cmov, cx8, fxsr, mmx, sse, sse2, sse3, ssse3, sse4.1, sse4.2, popcnt, ht, tsc, tscinvbit

Memory: 4k page, physical 6083044k(492188k free), swap 7482204k(5096k free)

vm_info: Java HotSpot(TM) 64-Bit Server VM (25.65-b01) for windows-amd64 JRE (1.8.0_65-b17), built on Oct  6 2015 16:39:20 by "java_re" with MS VC++ 10.0 (VS2010)

time: Sun Dec 18 19:56:11 2016
elapsed time: 1 seconds (0d 0h 0m 1s)

