#
# There is insufficient memory for the Java Runtime Environment to continue.
# Native memory allocation (malloc) failed to allocate 974256 bytes for Chunk::new
# Possible reasons:
#   The system is out of physical RAM or swap space
#   In 32 bit mode, the process size limit was hit
# Possible solutions:
#   Reduce memory load on the system
#   Increase physical memory or swap space
#   Check if swap backing store is full
#   Use 64 bit Java on a 64 bit OS
#   Decrease Java heap size (-Xmx/-Xms)
#   Decrease number of Java threads
#   Decrease Java thread stack sizes (-Xss)
#   Set larger code cache with -XX:ReservedCodeCacheSize=
# This output file may be truncated or incomplete.
#
#  Out of Memory Error (allocation.cpp:390), pid=2452, tid=9144
#
# JRE version: Java(TM) SE Runtime Environment (8.0_65-b17) (build 1.8.0_65-b17)
# Java VM: Java HotSpot(TM) 64-Bit Server VM (25.65-b01 mixed mode windows-amd64 compressed oops)
# Failed to write core dump. Minidumps are not enabled by default on client versions of Windows
#

---------------  T H R E A D  ---------------

Current thread (0x0000000056212800):  JavaThread "C2 CompilerThread0" daemon [_thread_in_native, id=9144, stack(0x00000000568b0000,0x00000000569b0000)]

Stack: [0x00000000568b0000,0x00000000569b0000]
[error occurred during error reporting (printing stack bounds), id 0xc0000005]

Native frames: (J=compiled Java code, j=interpreted, Vv=VM code, C=native code)


Current CompileTask:
C2:  10600 1867       4       com.android.dx.cf.code.Simulator$SimVisitor::visitConstant (332 bytes)


---------------  P R O C E S S  ---------------

Java Threads: ( => current thread )
  0x00000000563bb000 JavaThread "pool-2-thread-4" [_thread_blocked, id=4764, stack(0x0000000056fd0000,0x00000000570d0000)]
  0x00000000563ba800 JavaThread "pool-2-thread-3" [_thread_blocked, id=2440, stack(0x00000000574f0000,0x00000000575f0000)]
  0x00000000563b9800 JavaThread "pool-2-thread-2" [_thread_blocked, id=8800, stack(0x0000000057300000,0x0000000057400000)]
  0x00000000563b9000 JavaThread "pool-3-thread-1" [_thread_blocked, id=7884, stack(0x00000000570d0000,0x00000000571d0000)]
  0x00000000563ae000 JavaThread "pool-2-thread-1" [_thread_in_Java, id=8820, stack(0x0000000056eb0000,0x0000000056fb0000)]
  0x0000000056219800 JavaThread "Service Thread" daemon [_thread_blocked, id=8856, stack(0x0000000056d10000,0x0000000056e10000)]
  0x0000000056217000 JavaThread "C1 CompilerThread2" daemon [_thread_blocked, id=9084, stack(0x0000000056bd0000,0x0000000056cd0000)]
  0x0000000056216000 JavaThread "C2 CompilerThread1" daemon [_thread_in_vm, id=1188, stack(0x0000000056a80000,0x0000000056b80000)]
=>0x0000000056212800 JavaThread "C2 CompilerThread0" daemon [_thread_in_native, id=9144, stack(0x00000000568b0000,0x00000000569b0000)]
  0x0000000054d72800 JavaThread "Attach Listener" daemon [_thread_blocked, id=8936, stack(0x0000000056760000,0x0000000056860000)]
  0x0000000054d71000 JavaThread "Signal Dispatcher" daemon [_thread_blocked, id=9140, stack(0x0000000056660000,0x0000000056760000)]
  0x0000000054d11800 JavaThread "Finalizer" daemon [_thread_blocked, id=7356, stack(0x0000000056110000,0x0000000056210000)]
  0x0000000054d10800 JavaThread "Reference Handler" daemon [_thread_blocked, id=8188, stack(0x0000000055ea0000,0x0000000055fa0000)]
  0x0000000001d2f000 JavaThread "main" [_thread_blocked, id=5052, stack(0x0000000002050000,0x0000000002150000)]

Other Threads:
  0x0000000054d0a800 VMThread [stack: 0x0000000055ce0000,0x0000000055de0000] [id=7420]
  0x00000000562b1000 WatcherThread [stack: 0x0000000056000000,0x0000000056100000] [id=7040]

VM state:not at safepoint (normal execution)

VM Mutex/Monitor currently owned by a thread: None

Heap:
 PSYoungGen      total 116224K, used 10705K [0x00000000eab00000, 0x00000000fa100000, 0x0000000100000000)
  eden space 94208K, 11% used [0x00000000eab00000,0x00000000eb574448,0x00000000f0700000)
  from space 22016K, 0% used [0x00000000f0700000,0x00000000f0700000,0x00000000f1c80000)
  to   space 31744K, 0% used [0x00000000f8200000,0x00000000f8200000,0x00000000fa100000)
 ParOldGen       total 64512K, used 36530K [0x00000000c0000000, 0x00000000c3f00000, 0x00000000eab00000)
  object space 64512K, 56% used [0x00000000c0000000,0x00000000c23aca18,0x00000000c3f00000)
 Metaspace       used 5974K, capacity 7088K, committed 7296K, reserved 1056768K
  class space    used 588K, capacity 616K, committed 640K, reserved 1048576K

Card table byte_map: [0x00000000117e0000,0x00000000119f0000] byte_map_base: 0x00000000111e0000

Marking Bits: (ParMarkBitMap*) 0x0000000058a3a5b0
 Begin Bits: [0x0000000012180000, 0x0000000013180000)
 End Bits:   [0x0000000013180000, 0x0000000014180000)

Polling page: 0x00000000000b0000

CodeCache: size=245760Kb used=8067Kb max_used=8069Kb free=237692Kb
 bounds [0x0000000002420000, 0x0000000002c10000, 0x0000000011420000]
 total_blobs=1995 nmethods=1733 adapters=175
 compilation: enabled

Compilation events (10 events):
Event: 10.399 Thread 0x0000000056217000 1939       2       com.android.dx.cf.code.BaseMachine::resultCount (22 bytes)
Event: 10.399 Thread 0x0000000056217000 nmethod 1939 0x0000000002bea450 code [0x0000000002bea5c0, 0x0000000002bea7c8]
Event: 10.399 Thread 0x0000000056217000 1940       2       com.android.dx.rop.code.Rop::<init> (15 bytes)
Event: 10.400 Thread 0x0000000056217000 nmethod 1940 0x0000000002bea090 code [0x0000000002bea200, 0x0000000002bea388]
Event: 10.503 Thread 0x0000000056216000 nmethod 1896 0x0000000002c05790 code [0x0000000002c059c0, 0x0000000002c06fe8]
Event: 10.504 Thread 0x0000000056216000 1872       4       com.android.dx.ssa.SsaRenamer$BlockRenamer::visitNonMoveInsn (14 bytes)
Event: 10.525 Thread 0x0000000056216000 nmethod 1872 0x0000000002c03190 code [0x0000000002c03320, 0x0000000002c039e8]
Event: 10.526 Thread 0x0000000056216000 1916       4       com.android.dx.ssa.back.FirstFitLocalCombiningAllocator$1::processInsn (169 bytes)
Event: 10.543 Thread 0x0000000056217000 1945       3       com.android.dx.ssa.SsaRenamer$BlockRenamer::process (191 bytes)
Event: 10.545 Thread 0x0000000056217000 nmethod 1945 0x0000000002be7350 code [0x0000000002be7680, 0x0000000002be90a8]

GC Heap History (10 events):
Event: 3.307 GC heap before
{Heap before GC invocations=4 (full 0):
 PSYoungGen      total 28160K, used 28147K [0x00000000eab00000, 0x00000000ee200000, 0x0000000100000000)
  eden space 24576K, 100% used [0x00000000eab00000,0x00000000ec300000,0x00000000ec300000)
  from space 3584K, 99% used [0x00000000ec300000,0x00000000ec67cf08,0x00000000ec680000)
  to   space 3584K, 0% used [0x00000000ede80000,0x00000000ede80000,0x00000000ee200000)
 ParOldGen       total 64512K, used 19153K [0x00000000c0000000, 0x00000000c3f00000, 0x00000000eab00000)
  object space 64512K, 29% used [0x00000000c0000000,0x00000000c12b46b8,0x00000000c3f00000)
 Metaspace       used 5893K, capacity 7024K, committed 7296K, reserved 1056768K
  class space    used 588K, capacity 616K, committed 640K, reserved 1048576K
Event: 3.633 GC heap after
Heap after GC invocations=4 (full 0):
 PSYoungGen      total 52736K, used 3570K [0x00000000eab00000, 0x00000000ee200000, 0x0000000100000000)
  eden space 49152K, 0% used [0x00000000eab00000,0x00000000eab00000,0x00000000edb00000)
  from space 3584K, 99% used [0x00000000ede80000,0x00000000ee1fcbe8,0x00000000ee200000)
  to   space 3584K, 0% used [0x00000000edb00000,0x00000000edb00000,0x00000000ede80000)
 ParOldGen       total 64512K, used 23734K [0x00000000c0000000, 0x00000000c3f00000, 0x00000000eab00000)
  object space 64512K, 36% used [0x00000000c0000000,0x00000000c172db88,0x00000000c3f00000)
 Metaspace       used 5893K, capacity 7024K, committed 7296K, reserved 1056768K
  class space    used 588K, capacity 616K, committed 640K, reserved 1048576K
}
Event: 4.273 GC heap before
{Heap before GC invocations=5 (full 0):
 PSYoungGen      total 52736K, used 52722K [0x00000000eab00000, 0x00000000ee200000, 0x0000000100000000)
  eden space 49152K, 100% used [0x00000000eab00000,0x00000000edb00000,0x00000000edb00000)
  from space 3584K, 99% used [0x00000000ede80000,0x00000000ee1fcbe8,0x00000000ee200000)
  to   space 3584K, 0% used [0x00000000edb00000,0x00000000edb00000,0x00000000ede80000)
 ParOldGen       total 64512K, used 23734K [0x00000000c0000000, 0x00000000c3f00000, 0x00000000eab00000)
  object space 64512K, 36% used [0x00000000c0000000,0x00000000c172db88,0x00000000c3f00000)
 Metaspace       used 5902K, capacity 7024K, committed 7296K, reserved 1056768K
  class space    used 588K, capacity 616K, committed 640K, reserved 1048576K
Event: 5.114 GC heap after
Heap after GC invocations=5 (full 0):
 PSYoungGen      total 52736K, used 3570K [0x00000000eab00000, 0x00000000f2e00000, 0x0000000100000000)
  eden space 49152K, 0% used [0x00000000eab00000,0x00000000eab00000,0x00000000edb00000)
  from space 3584K, 99% used [0x00000000edb00000,0x00000000ede7cbc8,0x00000000ede80000)
  to   space 17920K, 0% used [0x00000000f1c80000,0x00000000f1c80000,0x00000000f2e00000)
 ParOldGen       total 64512K, used 36852K [0x00000000c0000000, 0x00000000c3f00000, 0x00000000eab00000)
  object space 64512K, 57% used [0x00000000c0000000,0x00000000c23fd2f8,0x00000000c3f00000)
 Metaspace       used 5902K, capacity 7024K, committed 7296K, reserved 1056768K
  class space    used 588K, capacity 616K, committed 640K, reserved 1048576K
}
Event: 6.529 GC heap before
{Heap before GC invocations=6 (full 0):
 PSYoungGen      total 52736K, used 52722K [0x00000000eab00000, 0x00000000f2e00000, 0x0000000100000000)
  eden space 49152K, 100% used [0x00000000eab00000,0x00000000edb00000,0x00000000edb00000)
  from space 3584K, 99% used [0x00000000edb00000,0x00000000ede7cbc8,0x00000000ede80000)
  to   space 17920K, 0% used [0x00000000f1c80000,0x00000000f1c80000,0x00000000f2e00000)
 ParOldGen       total 64512K, used 36852K [0x00000000c0000000, 0x00000000c3f00000, 0x00000000eab00000)
  object space 64512K, 57% used [0x00000000c0000000,0x00000000c23fd2f8,0x00000000c3f00000)
 Metaspace       used 5923K, capacity 7024K, committed 7296K, reserved 1056768K
  class space    used 588K, capacity 616K, committed 640K, reserved 1048576K
Event: 7.382 GC heap after
Heap after GC invocations=6 (full 0):
 PSYoungGen      total 112128K, used 17915K [0x00000000eab00000, 0x00000000f3600000, 0x0000000100000000)
  eden space 94208K, 0% used [0x00000000eab00000,0x00000000eab00000,0x00000000f0700000)
  from space 17920K, 99% used [0x00000000f1c80000,0x00000000f2dfec18,0x00000000f2e00000)
  to   space 22016K, 0% used [0x00000000f0700000,0x00000000f0700000,0x00000000f1c80000)
 ParOldGen       total 64512K, used 39448K [0x00000000c0000000, 0x00000000c3f00000, 0x00000000eab00000)
  object space 64512K, 61% used [0x00000000c0000000,0x00000000c26862f0,0x00000000c3f00000)
 Metaspace       used 5923K, capacity 7024K, committed 7296K, reserved 1056768K
  class space    used 588K, capacity 616K, committed 640K, reserved 1048576K
}
Event: 9.440 GC heap before
{Heap before GC invocations=7 (full 0):
 PSYoungGen      total 112128K, used 112123K [0x00000000eab00000, 0x00000000f3600000, 0x0000000100000000)
  eden space 94208K, 100% used [0x00000000eab00000,0x00000000f0700000,0x00000000f0700000)
  from space 17920K, 99% used [0x00000000f1c80000,0x00000000f2dfec18,0x00000000f2e00000)
  to   space 22016K, 0% used [0x00000000f0700000,0x00000000f0700000,0x00000000f1c80000)
 ParOldGen       total 64512K, used 39448K [0x00000000c0000000, 0x00000000c3f00000, 0x00000000eab00000)
  object space 64512K, 61% used [0x00000000c0000000,0x00000000c26862f0,0x00000000c3f00000)
 Metaspace       used 5969K, capacity 7088K, committed 7296K, reserved 1056768K
  class space    used 588K, capacity 616K, committed 640K, reserved 1048576K
Event: 9.605 GC heap after
Heap after GC invocations=7 (full 0):
 PSYoungGen      total 116224K, used 21985K [0x00000000eab00000, 0x00000000fa100000, 0x0000000100000000)
  eden space 94208K, 0% used [0x00000000eab00000,0x00000000eab00000,0x00000000f0700000)
  from space 22016K, 99% used [0x00000000f0700000,0x00000000f1c78750,0x00000000f1c80000)
  to   space 31744K, 0% used [0x00000000f8200000,0x00000000f8200000,0x00000000fa100000)
 ParOldGen       total 64512K, used 52040K [0x00000000c0000000, 0x00000000c3f00000, 0x00000000eab00000)
  object space 64512K, 80% used [0x00000000c0000000,0x00000000c32d22b0,0x00000000c3f00000)
 Metaspace       used 5969K, capacity 7088K, committed 7296K, reserved 1056768K
  class space    used 588K, capacity 616K, committed 640K, reserved 1048576K
}
Event: 9.605 GC heap before
{Heap before GC invocations=8 (full 1):
 PSYoungGen      total 116224K, used 21985K [0x00000000eab00000, 0x00000000fa100000, 0x0000000100000000)
  eden space 94208K, 0% used [0x00000000eab00000,0x00000000eab00000,0x00000000f0700000)
  from space 22016K, 99% used [0x00000000f0700000,0x00000000f1c78750,0x00000000f1c80000)
  to   space 31744K, 0% used [0x00000000f8200000,0x00000000f8200000,0x00000000fa100000)
 ParOldGen       total 64512K, used 52040K [0x00000000c0000000, 0x00000000c3f00000, 0x00000000eab00000)
  object space 64512K, 80% used [0x00000000c0000000,0x00000000c32d22b0,0x00000000c3f00000)
 Metaspace       used 5969K, capacity 7088K, committed 7296K, reserved 1056768K
  class space    used 588K, capacity 616K, committed 640K, reserved 1048576K
Event: 10.223 GC heap after
Heap after GC invocations=8 (full 1):
 PSYoungGen      total 116224K, used 0K [0x00000000eab00000, 0x00000000fa100000, 0x0000000100000000)
  eden space 94208K, 0% used [0x00000000eab00000,0x00000000eab00000,0x00000000f0700000)
  from space 22016K, 0% used [0x00000000f0700000,0x00000000f0700000,0x00000000f1c80000)
  to   space 31744K, 0% used [0x00000000f8200000,0x00000000f8200000,0x00000000fa100000)
 ParOldGen       total 64512K, used 36530K [0x00000000c0000000, 0x00000000c3f00000, 0x00000000eab00000)
  object space 64512K, 56% used [0x00000000c0000000,0x00000000c23aca18,0x00000000c3f00000)
 Metaspace       used 5969K, capacity 7088K, committed 7296K, reserved 1056768K
  class space    used 588K, capacity 616K, committed 640K, reserved 1048576K
}

Deoptimization events (10 events):
Event: 9.080 Thread 0x00000000563b9800 Uncommon trap: reason=unstable_if action=reinterpret pc=0x00000000027a058c method=com.android.dx.ssa.SsaMethod.updateOneDefinition(Lcom/android/dx/ssa/SsaInsn;Lcom/android/dx/rop/code/RegisterSpec;)V @ 4
Event: 9.083 Thread 0x00000000563b9800 Uncommon trap: reason=unstable_if action=reinterpret pc=0x0000000002a38cac method=com.android.dx.cf.code.Ropper.processBlock(Lcom/android/dx/cf/code/ByteBlock;Lcom/android/dx/cf/code/Frame;[I)V @ 513
Event: 9.420 Thread 0x00000000563ba800 Uncommon trap: reason=class_check action=maybe_recompile pc=0x0000000002a12d18 method=com.android.dx.cf.code.RopperMachine.run(Lcom/android/dx/cf/code/Frame;II)V @ 988
Event: 9.421 Thread 0x00000000563ba800 Uncommon trap: reason=class_check action=maybe_recompile pc=0x0000000002a12d18 method=com.android.dx.cf.code.RopperMachine.run(Lcom/android/dx/cf/code/Frame;II)V @ 988
Event: 9.422 Thread 0x00000000563ba800 Uncommon trap: reason=unstable_if action=reinterpret pc=0x0000000002a4e924 method=com.android.dx.rop.code.RegisterSpecSet.localItemToSpec(Lcom/android/dx/rop/code/LocalItem;)Lcom/android/dx/rop/code/RegisterSpec; @ 35
Event: 9.429 Thread 0x00000000563ba800 Uncommon trap: reason=unstable_if action=reinterpret pc=0x0000000002ac92e0 method=com.android.dx.ssa.back.FirstFitLocalCombiningAllocator.findNextUnreservedRopReg(IILcom/android/dx/ssa/back/FirstFitLocalCombiningAllocator$Alignment;)I @ 32
Event: 10.316 Thread 0x00000000563ba800 Uncommon trap: reason=class_check action=maybe_recompile pc=0x0000000002a12d18 method=com.android.dx.cf.code.RopperMachine.run(Lcom/android/dx/cf/code/Frame;II)V @ 988
Event: 10.317 Thread 0x00000000563ba800 Uncommon trap: reason=unstable_if action=reinterpret pc=0x00000000028e0de4 method=com.android.dx.ssa.SsaRenamer$BlockRenamer.visitMoveInsn(Lcom/android/dx/ssa/NormalSsaInsn;)V @ 104
Event: 10.317 Thread 0x00000000563ba800 Uncommon trap: reason=unstable_if action=reinterpret pc=0x0000000002a7b244 method=com.android.dx.ssa.SsaRenamer$BlockRenamer.process()V @ 90
Event: 10.318 Thread 0x00000000563ba800 Uncommon trap: reason=unstable_if action=reinterpret pc=0x0000000002897cac method=com.android.dx.ssa.SCCP.simulateStmt(Lcom/android/dx/ssa/SsaInsn;)V @ 53

Internal exceptions (3 events):
Event: 0.607 Thread 0x0000000001d2f000 Exception <a 'java/lang/NoSuchMethodError': Method sun.misc.Unsafe.defineClass(Ljava/lang/String;[BII)Ljava/lang/Class; name or signature does not match> (0x00000000eab0d768) thrown at [C:\workspace\8-2-build-windows-amd64-cygwin\jdk8u65\4987\hotspot\src\síAšiã?
Event: 0.607 Thread 0x0000000001d2f000 Exception <a 'java/lang/NoSuchMethodError': Method sun.misc.Unsafe.prefetchRead(Ljava/lang/Object;J)V name or signature does not match> (0x00000000eab0da50) thrown at [C:\workspace\8-2-build-windows-amd64-cygwin\jdk8u65\4987\hotspot\src\share\vm\prims\jni.f3“‹WÐ@
Event: 2.727 Thread 0x0000000001d2f000 Implicit null exception at 0x000000000288eb7d to 0x00000000028900d1

Events (10 events):
Event: 10.385 Executing VM operation: RevokeBias
Event: 10.385 Executing VM operation: RevokeBias done
Event: 10.385 Executing VM operation: RevokeBias
Event: 10.385 Executing VM operation: RevokeBias done
Event: 10.385 Executing VM operation: RevokeBias
Event: 10.385 Executing VM operation: RevokeBias done
Event: 10.385 Executing VM operation: RevokeBias
Event: 10.385 Executing VM operation: RevokeBias done
Event: 10.385 Executing VM operation: RevokeBias
Event: 10.385 Executing VM operation: RevokeBias done


Dynamic libraries:
0x000000013fc40000 - 0x000000013fc77000 	C:\Program Files\Java\jdk1.8.0_65\bin\java.exe
0x00000000776e0000 - 0x000000007788a000 	C:\Windows\SYSTEM32\ntdll.dll
0x00000000774c0000 - 0x00000000775df000 	C:\Windows\system32\kernel32.dll
0x000007fefd4a0000 - 0x000007fefd50a000 	C:\Windows\system32\KERNELBASE.dll
0x000007fefd880000 - 0x000007fefd95b000 	C:\Windows\system32\ADVAPI32.dll
0x000007fefe040000 - 0x000007fefe0df000 	C:\Windows\system32\msvcrt.dll
0x000007fefe7b0000 - 0x000007fefe7cf000 	C:\Windows\SYSTEM32\sechost.dll
0x000007feff770000 - 0x000007feff89d000 	C:\Windows\system32\RPCRT4.dll
0x00000000775e0000 - 0x00000000776da000 	C:\Windows\system32\USER32.dll
0x000007fefdd40000 - 0x000007fefdda7000 	C:\Windows\system32\GDI32.dll
0x000007feff8d0000 - 0x000007feff8de000 	C:\Windows\system32\LPK.dll
0x000007fefd960000 - 0x000007fefda2a000 	C:\Windows\system32\USP10.dll
0x000007fefbaf0000 - 0x000007fefbce4000 	C:\Windows\WinSxS\amd64_microsoft.windows.common-controls_6595b64144ccf1df_6.0.7601.18837_none_fa3b1e3d17594757\COMCTL32.dll
0x000007feff6f0000 - 0x000007feff761000 	C:\Windows\system32\SHLWAPI.dll
0x000007feff8a0000 - 0x000007feff8ce000 	C:\Windows\system32\IMM32.DLL
0x000007feff8e0000 - 0x000007feff9e9000 	C:\Windows\system32\MSCTF.dll
0x0000000058ac0000 - 0x0000000058b92000 	C:\Program Files\Java\jdk1.8.0_65\jre\bin\msvcr100.dll
0x0000000058230000 - 0x0000000058ab9000 	C:\Program Files\Java\jdk1.8.0_65\jre\bin\server\jvm.dll
0x000007fef9d10000 - 0x000007fef9d19000 	C:\Windows\system32\WSOCK32.dll
0x000007fefdcf0000 - 0x000007fefdd3d000 	C:\Windows\system32\WS2_32.dll
0x000007fefda50000 - 0x000007fefda58000 	C:\Windows\system32\NSI.dll
0x000007fefb1a0000 - 0x000007fefb1db000 	C:\Windows\system32\WINMM.dll
0x000007fefcd20000 - 0x000007fefcd2c000 	C:\Windows\system32\VERSION.dll
0x00000000778b0000 - 0x00000000778b7000 	C:\Windows\system32\PSAPI.DLL
0x0000000058c70000 - 0x0000000058c7f000 	C:\Program Files\Java\jdk1.8.0_65\jre\bin\verify.dll
0x0000000058c40000 - 0x0000000058c69000 	C:\Program Files\Java\jdk1.8.0_65\jre\bin\java.dll
0x0000000058c20000 - 0x0000000058c36000 	C:\Program Files\Java\jdk1.8.0_65\jre\bin\zip.dll
0x000007fefe960000 - 0x000007feff6ec000 	C:\Windows\system32\SHELL32.dll
0x000007fefde30000 - 0x000007fefe033000 	C:\Windows\system32\ole32.dll
0x000007fefd460000 - 0x000007fefd46f000 	C:\Windows\system32\profapi.dll

VM Arguments:
jvm_args: -Djava.awt.headless=true -Xmx1024M -Dfile.encoding=windows-1252 -Duser.country=IN -Duser.language=en -Duser.variant 
java_command: com.android.dx.command.Main --dex --force-jumbo --num-threads=4 --multi-dex --output C:\Users\Shashank\AndroidStudioProjects\EnigmaProxy\app\build\intermediates\transforms\dex\debug\folders\1000\5\slice_7 C:\Users\Shashank\AndroidStudioProjects\EnigmaProxy\app\build\intermediates\transforms\instantRunSlicer\debug\folders\1\5\slice_7
java_class_path (initial): D:\Shashank\AppData\Local\Android\sdk\build-tools\25.0.0\lib\dx.jar
Launcher Type: SUN_STANDARD

Environment Variables:
PATH=C:\Program Files (x86)\PC Connectivity Solution\;C:\ProgramData\Oracle\Java\javapath;C:\Program Files\Common Files\Microsoft Shared\Windows Live;C:\Program Files (x86)\Common Files\Microsoft Shared\Windows Live;C:\Windows\system32;C:\Windows;C:\Windows\System32\Wbem;C:\Windows\System32\WindowsPowerShell\v1.0\;C:\Program Files (x86)\ATI Technologies\ATI.ACE\Core-Static;C:\Program Files\Lenovo\Bluetooth Software\;C:\Program Files\Lenovo\Bluetooth Software\syswow64;C:\Program Files (x86)\Windows Live\Shared;C:\Program Files (x86)\Microsoft SQL Server\100\Tools\Binn\;C:\Program Files\Microsoft SQL Server\100\Tools\Binn\;C:\Program Files\Microsoft SQL Server\100\DTS\Binn\;C:\Program Files (x86)\GtkSharp\2.12\bin;C:\Program Files (x86)\Windows Kits\8.1\Windows Performance Toolkit\;C:\Users\Shashank\.dnx\bin;C:\Program Files\Microsoft DNX\Dnvm\;C:\Program Files\Intel\WiFi\bin\;C:\Program Files\Common Files\Intel\WirelessCommon\;C:\Program Files\Microsoft SQL Server\130\Tools\Binn\;C:\Program Files (x86)\Skype\Phone\;C:\Users\Shashank\AppData\Local\Programs\Python\Python35-32\Scripts\;C:\Users\Shashank\AppData\Local\Programs\Python\Python35-32\;C:\Users\Shashank\AppData\Roaming\npm
USERNAME=Shashank
OS=Windows_NT
PROCESSOR_IDENTIFIER=Intel64 Family 6 Model 37 Stepping 5, GenuineIntel



---------------  S Y S T E M  ---------------

OS: Windows 7 , 64 bit Build 7601 (6.1.7601.23418)

CPU:total 4 (2 cores per cpu, 2 threads per core) family 6 model 37 stepping 5, cmov, cx8, fxsr, mmx, sse, sse2, sse3, ssse3, sse4.1, sse4.2, popcnt, ht, tsc, tscinvbit

Memory: 4k page, physical 6083044k(411296k free), swap 7482204k(5648k free)

vm_info: Java HotSpot(TM) 64-Bit Server VM (25.65-b01) for windows-amd64 JRE (1.8.0_65-b17), built on Oct  6 2015 16:39:20 by "java_re" with MS VC++ 10.0 (VS2010)

time: Sun Dec 18 19:56:23 2016
elapsed time: 10 seconds (0d 0h 0m 10s)

